{"level":"error","message":"GET /blogs/e0cacddf-b900-4ccf-98d9-2ad75c1ee094","timestamp":"2024-12-03T23:10:19.735Z"}
{"level":"error","message":"GET /blogs/e0cacddf-b900-4ccf-98d9-2ad75c1ee094","timestamp":"2024-12-03T23:11:10.677Z"}
{"level":"error","message":"GET /blogs/e0cacddf-b900-4ccf-98d9-2ad75c1ee094","timestamp":"2024-12-03T23:17:16.071Z"}
{"level":"error","message":"GET /","timestamp":"2024-12-04T02:41:27.536Z"}
{"level":"error","message":"GET /admin/login","timestamp":"2024-12-04T02:41:28.000Z"}
{"level":"error","message":"GET /favicon.ico","timestamp":"2024-12-04T02:41:28.479Z"}
{"level":"error","message":"GET /","timestamp":"2024-12-04T02:41:30.369Z"}
{"level":"error","message":"GET /","timestamp":"2024-12-04T02:41:30.494Z"}
{"level":"error","message":"GET /","timestamp":"2024-12-04T02:42:40.438Z"}
{"level":"error","message":"GET /favicon.ico","timestamp":"2024-12-04T02:42:40.851Z"}
{"level":"error","message":"GET /","timestamp":"2024-12-04T02:45:16.428Z"}
{"level":"error","message":"GET /admin/login","timestamp":"2024-12-04T02:45:17.220Z"}
{"level":"error","message":"GET /","timestamp":"2024-12-04T02:45:18.611Z"}
{"level":"error","message":"GET /","timestamp":"2024-12-04T02:45:18.745Z"}
{"level":"error","message":"GET /admin/login","timestamp":"2024-12-04T02:45:27.943Z"}
{"level":"error","message":"POST /","timestamp":"2024-12-04T02:45:41.774Z"}
{"level":"error","message":"POST /","timestamp":"2024-12-04T03:08:11.161Z"}
{"level":"error","message":"POST /productos","timestamp":"2024-12-04T03:35:56.864Z"}
{"level":"error","message":"GET /","timestamp":"2024-12-04T03:44:32.649Z"}
{"level":"error","message":"GET /admin/login","timestamp":"2024-12-04T03:44:33.210Z"}
{"level":"error","message":"GET /","timestamp":"2024-12-04T03:44:34.843Z"}
{"level":"error","message":"GET /","timestamp":"2024-12-04T03:44:35.340Z"}
{"level":"error","message":"GET /admin/login","timestamp":"2024-12-04T03:44:37.758Z"}
{"level":"error","message":"GET /","timestamp":"2024-12-04T03:44:41.119Z"}
{"level":"error","message":"GET /","timestamp":"2024-12-04T03:44:59.627Z"}
{"level":"error","message":"GET /blogs","timestamp":"2024-12-04T03:46:23.016Z"}
{"level":"error","message":"GET /blogs","timestamp":"2024-12-04T03:46:28.596Z"}
{"level":"error","message":"GET /blogs","timestamp":"2024-12-04T03:48:00.732Z"}
{"level":"error","message":"GET /blogs","timestamp":"2024-12-04T03:48:05.549Z"}
{"level":"error","message":"GET /blogs","timestamp":"2024-12-04T03:48:51.650Z"}
{"level":"error","message":"POST /productos","timestamp":"2024-12-04T03:52:01.494Z"}
{"level":"error","message":"POST /productos","timestamp":"2024-12-04T04:07:09.176Z"}
{"level":"error","message":"POST /productos","timestamp":"2024-12-04T04:26:21.320Z"}
{"level":"error","message":"GET /productos","timestamp":"2024-12-04T04:26:46.542Z"}
{"level":"error","message":"POST /productos","timestamp":"2024-12-04T04:28:17.561Z"}
{"level":"error","message":"GET /productos","timestamp":"2024-12-04T04:28:20.771Z"}
{"level":"error","message":"GET /blogs","timestamp":"2024-12-04T04:45:44.093Z"}
{"level":"error","message":"GET /blogs","timestamp":"2024-12-04T04:46:10.816Z"}
{"level":"error","message":"GET /blogs","timestamp":"2024-12-04T04:47:09.181Z"}
{"level":"error","message":"GET /blogs","timestamp":"2024-12-04T04:57:59.782Z"}
{"level":"error","message":"GET /blogs","timestamp":"2024-12-04T04:59:06.024Z"}
{"level":"error","message":"POST /productos","timestamp":"2024-12-04T05:11:06.614Z"}
{"level":"error","message":"GET /blogs","timestamp":"2024-12-04T05:23:01.310Z"}
{"level":"error","message":"GET /productos/id","timestamp":"2024-12-04T05:23:05.714Z"}
{"level":"error","message":"POST /productos","timestamp":"2024-12-04T05:23:25.496Z"}
{"level":"error","message":"POST /auth/register","timestamp":"2024-12-04T05:29:38.618Z"}
{"level":"error","message":"POST /auth/register","timestamp":"2024-12-04T05:29:57.365Z"}
{"level":"error","message":"POST /auth/register","timestamp":"2024-12-04T05:30:03.134Z"}
{"level":"error","message":"POST /auth/register","timestamp":"2024-12-04T05:32:43.867Z"}
{"level":"error","message":"POST /auth/login","timestamp":"2024-12-04T05:34:09.750Z"}
{"level":"error","message":"POST /auth/login","timestamp":"2024-12-04T05:36:20.429Z"}
{"level":"error","message":"GET /blogs","timestamp":"2024-12-04T05:54:03.063Z"}
{"level":"error","message":"GET /blogs","timestamp":"2024-12-04T05:54:13.161Z"}
{"level":"error","message":"GET /blogs","timestamp":"2024-12-04T05:54:23.199Z"}
{"level":"error","message":"GET /blogs","timestamp":"2024-12-04T05:55:08.087Z"}
{"level":"error","message":"GET /blogs","timestamp":"2024-12-04T05:56:02.794Z"}
{"level":"error","message":"GET /blogs","timestamp":"2024-12-04T05:56:12.816Z"}
{"level":"error","message":"GET /blogs","timestamp":"2024-12-04T05:56:22.840Z"}
{"level":"error","message":"GET /blogs","timestamp":"2024-12-04T05:56:29.504Z"}
{"level":"error","message":"GET /blogs","timestamp":"2024-12-04T05:59:02.272Z"}
{"level":"error","message":"GET /blogs","timestamp":"2024-12-04T06:01:33.987Z"}
{"level":"error","message":"POST /auth/login","timestamp":"2024-12-04T06:01:48.835Z"}
{"level":"error","message":"GET /blogs/1","timestamp":"2024-12-04T06:04:05.273Z"}
{"level":"error","message":"GET /blogs/2","timestamp":"2024-12-04T06:04:10.210Z"}
{"level":"error","message":"GET /blogs","timestamp":"2024-12-04T06:04:14.705Z"}
{"level":"error","message":"GET /blogs","timestamp":"2024-12-04T06:04:24.730Z"}
{"level":"error","message":"POST /blogs/","timestamp":"2024-12-04T06:04:27.054Z"}
{"level":"error","message":"GET /docs/","timestamp":"2024-12-04T06:19:21.432Z"}
{"level":"error","message":"GET /docs/swagger-ui.css","timestamp":"2024-12-04T06:19:21.563Z"}
{"level":"error","message":"GET /docs/swagger-ui-bundle.js","timestamp":"2024-12-04T06:19:21.570Z"}
{"level":"error","message":"GET /docs/swagger-ui-standalone-preset.js","timestamp":"2024-12-04T06:19:21.573Z"}
{"level":"error","message":"GET /docs/swagger-ui-init.js","timestamp":"2024-12-04T06:19:21.574Z"}
{"level":"error","message":"GET /docs/favicon-32x32.png","timestamp":"2024-12-04T06:19:21.985Z"}
{"level":"error","message":"GET /docs/","timestamp":"2024-12-04T06:19:58.697Z"}
{"level":"error","message":"GET /docs/swagger-ui.css","timestamp":"2024-12-04T06:19:58.756Z"}
{"level":"error","message":"GET /docs/swagger-ui-bundle.js","timestamp":"2024-12-04T06:19:58.767Z"}
{"level":"error","message":"GET /docs/swagger-ui-standalone-preset.js","timestamp":"2024-12-04T06:19:58.771Z"}
{"level":"error","message":"GET /docs/swagger-ui-init.js","timestamp":"2024-12-04T06:19:58.772Z"}
{"level":"error","message":"GET /docs/favicon-32x32.png","timestamp":"2024-12-04T06:19:58.994Z"}
{"level":"error","message":"GET /docs/","timestamp":"2024-12-04T06:20:01.542Z"}
{"level":"error","message":"GET /docs/swagger-ui.css","timestamp":"2024-12-04T06:20:01.588Z"}
{"level":"error","message":"GET /docs/swagger-ui-bundle.js","timestamp":"2024-12-04T06:20:01.591Z"}
{"level":"error","message":"GET /docs/swagger-ui-standalone-preset.js","timestamp":"2024-12-04T06:20:01.595Z"}
{"level":"error","message":"GET /docs/swagger-ui-init.js","timestamp":"2024-12-04T06:20:01.600Z"}
{"level":"error","message":"GET /docs/favicon-32x32.png","timestamp":"2024-12-04T06:20:01.771Z"}
{"level":"error","message":"GET /docs/","timestamp":"2024-12-04T06:20:18.799Z"}
{"level":"error","message":"GET /docs/swagger-ui.css","timestamp":"2024-12-04T06:20:18.855Z"}
{"level":"error","message":"GET /docs/swagger-ui-bundle.js","timestamp":"2024-12-04T06:20:18.857Z"}
{"level":"error","message":"GET /docs/swagger-ui-standalone-preset.js","timestamp":"2024-12-04T06:20:18.859Z"}
{"level":"error","message":"GET /docs/swagger-ui-init.js","timestamp":"2024-12-04T06:20:18.866Z"}
{"level":"error","message":"GET /docs/favicon-32x32.png","timestamp":"2024-12-04T06:20:19.043Z"}
