{"level":"error","message":"GET /blogs","timestamp":"2024-12-04T06:01:33.987Z"}
{"level":"error","message":"POST /auth/login","timestamp":"2024-12-04T06:01:48.835Z"}
{"level":"error","message":"GET /blogs/1","timestamp":"2024-12-04T06:04:05.273Z"}
{"level":"error","message":"GET /blogs/2","timestamp":"2024-12-04T06:04:10.210Z"}
{"level":"error","message":"GET /blogs","timestamp":"2024-12-04T06:04:14.705Z"}
{"level":"error","message":"GET /blogs","timestamp":"2024-12-04T06:04:24.730Z"}
{"level":"error","message":"POST /blogs/","timestamp":"2024-12-04T06:04:27.054Z"}
{"level":"error","message":"GET /docs/","timestamp":"2024-12-04T06:19:21.432Z"}
{"level":"error","message":"GET /docs/swagger-ui.css","timestamp":"2024-12-04T06:19:21.563Z"}
{"level":"error","message":"GET /docs/swagger-ui-bundle.js","timestamp":"2024-12-04T06:19:21.570Z"}
{"level":"error","message":"GET /docs/swagger-ui-standalone-preset.js","timestamp":"2024-12-04T06:19:21.573Z"}
{"level":"error","message":"GET /docs/swagger-ui-init.js","timestamp":"2024-12-04T06:19:21.574Z"}
{"level":"error","message":"GET /docs/favicon-32x32.png","timestamp":"2024-12-04T06:19:21.985Z"}
{"level":"error","message":"GET /docs/","timestamp":"2024-12-04T06:19:58.697Z"}
{"level":"error","message":"GET /docs/swagger-ui.css","timestamp":"2024-12-04T06:19:58.756Z"}
{"level":"error","message":"GET /docs/swagger-ui-bundle.js","timestamp":"2024-12-04T06:19:58.767Z"}
{"level":"error","message":"GET /docs/swagger-ui-standalone-preset.js","timestamp":"2024-12-04T06:19:58.771Z"}
{"level":"error","message":"GET /docs/swagger-ui-init.js","timestamp":"2024-12-04T06:19:58.772Z"}
{"level":"error","message":"GET /docs/favicon-32x32.png","timestamp":"2024-12-04T06:19:58.994Z"}
{"level":"error","message":"GET /docs/","timestamp":"2024-12-04T06:20:01.542Z"}
{"level":"error","message":"GET /docs/swagger-ui.css","timestamp":"2024-12-04T06:20:01.588Z"}
{"level":"error","message":"GET /docs/swagger-ui-bundle.js","timestamp":"2024-12-04T06:20:01.591Z"}
{"level":"error","message":"GET /docs/swagger-ui-standalone-preset.js","timestamp":"2024-12-04T06:20:01.595Z"}
{"level":"error","message":"GET /docs/swagger-ui-init.js","timestamp":"2024-12-04T06:20:01.600Z"}
{"level":"error","message":"GET /docs/favicon-32x32.png","timestamp":"2024-12-04T06:20:01.771Z"}
{"level":"error","message":"GET /docs/","timestamp":"2024-12-04T06:20:18.799Z"}
{"level":"error","message":"GET /docs/swagger-ui.css","timestamp":"2024-12-04T06:20:18.855Z"}
{"level":"error","message":"GET /docs/swagger-ui-bundle.js","timestamp":"2024-12-04T06:20:18.857Z"}
{"level":"error","message":"GET /docs/swagger-ui-standalone-preset.js","timestamp":"2024-12-04T06:20:18.859Z"}
{"level":"error","message":"GET /docs/swagger-ui-init.js","timestamp":"2024-12-04T06:20:18.866Z"}
{"level":"error","message":"GET /docs/favicon-32x32.png","timestamp":"2024-12-04T06:20:19.043Z"}
